{"D:\\ENI\\M2 ENI\\Qualimetrie\\Projet\\auth.js": {"path":"D:\\ENI\\M2 ENI\\Qualimetrie\\Projet\\auth.js","statementMap":{"0":{"start":{"line":1,"column":12},"end":{"line":1,"column":35}},"1":{"start":{"line":3,"column":19},"end":{"line":3,"column":90}},"2":{"start":{"line":4,"column":21},"end":{"line":4,"column":25}},"3":{"start":{"line":6,"column":14},"end":{"line":9,"column":1}},"4":{"start":{"line":11,"column":21},"end":{"line":17,"column":1}},"5":{"start":{"line":12,"column":15},"end":{"line":12,"column":82}},"6":{"start":{"line":12,"column":31},"end":{"line":12,"column":81}},"7":{"start":{"line":13,"column":2},"end":{"line":15,"column":3}},"8":{"start":{"line":14,"column":4},"end":{"line":14,"column":16}},"9":{"start":{"line":16,"column":2},"end":{"line":16,"column":67}},"10":{"start":{"line":19,"column":22},"end":{"line":25,"column":1}},"11":{"start":{"line":20,"column":2},"end":{"line":24,"column":4}},"12":{"start":{"line":27,"column":20},"end":{"line":33,"column":1}},"13":{"start":{"line":28,"column":2},"end":{"line":32,"column":3}},"14":{"start":{"line":29,"column":4},"end":{"line":29,"column":41}},"15":{"start":{"line":31,"column":4},"end":{"line":31,"column":16}},"16":{"start":{"line":35,"column":23},"end":{"line":51,"column":1}},"17":{"start":{"line":36,"column":21},"end":{"line":36,"column":46}},"18":{"start":{"line":38,"column":2},"end":{"line":40,"column":3}},"19":{"start":{"line":39,"column":4},"end":{"line":39,"column":80}},"20":{"start":{"line":42,"column":16},"end":{"line":42,"column":39}},"21":{"start":{"line":43,"column":18},"end":{"line":43,"column":36}},"22":{"start":{"line":45,"column":2},"end":{"line":47,"column":3}},"23":{"start":{"line":46,"column":4},"end":{"line":46,"column":87}},"24":{"start":{"line":49,"column":2},"end":{"line":49,"column":21}},"25":{"start":{"line":50,"column":2},"end":{"line":50,"column":9}},"26":{"start":{"line":53,"column":0},"end":{"line":58,"column":2}}},"fnMap":{"0":{"name":"(anonymous_0)","decl":{"start":{"line":11,"column":21},"end":{"line":11,"column":22}},"loc":{"start":{"line":11,"column":45},"end":{"line":17,"column":1}},"line":11},"1":{"name":"(anonymous_1)","decl":{"start":{"line":12,"column":26},"end":{"line":12,"column":27}},"loc":{"start":{"line":12,"column":31},"end":{"line":12,"column":81}},"line":12},"2":{"name":"(anonymous_2)","decl":{"start":{"line":19,"column":22},"end":{"line":19,"column":23}},"loc":{"start":{"line":19,"column":32},"end":{"line":25,"column":1}},"line":19},"3":{"name":"(anonymous_3)","decl":{"start":{"line":27,"column":20},"end":{"line":27,"column":21}},"loc":{"start":{"line":27,"column":31},"end":{"line":33,"column":1}},"line":27},"4":{"name":"(anonymous_4)","decl":{"start":{"line":35,"column":23},"end":{"line":35,"column":24}},"loc":{"start":{"line":35,"column":43},"end":{"line":51,"column":1}},"line":35}},"branchMap":{"0":{"loc":{"start":{"line":3,"column":19},"end":{"line":3,"column":90}},"type":"binary-expr","locations":[{"start":{"line":3,"column":19},"end":{"line":3,"column":41}},{"start":{"line":3,"column":45},"end":{"line":3,"column":90}}],"line":3},"1":{"loc":{"start":{"line":12,"column":31},"end":{"line":12,"column":81}},"type":"binary-expr","locations":[{"start":{"line":12,"column":31},"end":{"line":12,"column":54}},{"start":{"line":12,"column":58},"end":{"line":12,"column":81}}],"line":12},"2":{"loc":{"start":{"line":13,"column":2},"end":{"line":15,"column":3}},"type":"if","locations":[{"start":{"line":13,"column":2},"end":{"line":15,"column":3}},{"start":{},"end":{}}],"line":13},"3":{"loc":{"start":{"line":38,"column":2},"end":{"line":40,"column":3}},"type":"if","locations":[{"start":{"line":38,"column":2},"end":{"line":40,"column":3}},{"start":{},"end":{}}],"line":38},"4":{"loc":{"start":{"line":38,"column":6},"end":{"line":38,"column":54}},"type":"binary-expr","locations":[{"start":{"line":38,"column":6},"end":{"line":38,"column":17}},{"start":{"line":38,"column":21},"end":{"line":38,"column":54}}],"line":38},"5":{"loc":{"start":{"line":45,"column":2},"end":{"line":47,"column":3}},"type":"if","locations":[{"start":{"line":45,"column":2},"end":{"line":47,"column":3}},{"start":{},"end":{}}],"line":45}},"s":{"0":1,"1":1,"2":1,"3":1,"4":1,"5":3,"6":5,"7":3,"8":1,"9":2,"10":1,"11":2,"12":1,"13":4,"14":4,"15":1,"16":1,"17":5,"18":5,"19":1,"20":4,"21":4,"22":4,"23":1,"24":3,"25":3,"26":1},"f":{"0":3,"1":5,"2":2,"3":4,"4":5},"b":{"0":[1,1],"1":[5,3],"2":[1,2],"3":[1,4],"4":[5,4],"5":[1,3]},"_coverageSchema":"1a1c01bbd47fc00a2c39e90264f33305004495a9","hash":"faae7fb47741800b6712431ef28e5c1b0581e47e"}
,"D:\\ENI\\M2 ENI\\Qualimetrie\\Projet\\index.js": {"path":"D:\\ENI\\M2 ENI\\Qualimetrie\\Projet\\index.js","statementMap":{"0":{"start":{"line":1,"column":16},"end":{"line":1,"column":34}},"1":{"start":{"line":2,"column":27},"end":{"line":2,"column":50}},"2":{"start":{"line":3,"column":56},"end":{"line":3,"column":73}},"3":{"start":{"line":4,"column":12},"end":{"line":4,"column":21}},"4":{"start":{"line":5,"column":0},"end":{"line":5,"column":24}},"5":{"start":{"line":6,"column":0},"end":{"line":6,"column":34}},"6":{"start":{"line":8,"column":0},"end":{"line":11,"column":3}},"7":{"start":{"line":9,"column":2},"end":{"line":9,"column":30}},"8":{"start":{"line":10,"column":2},"end":{"line":10,"column":80}},"9":{"start":{"line":13,"column":23},"end":{"line":21,"column":1}},"10":{"start":{"line":14,"column":2},"end":{"line":16,"column":3}},"11":{"start":{"line":15,"column":4},"end":{"line":15,"column":52}},"12":{"start":{"line":17,"column":2},"end":{"line":19,"column":3}},"13":{"start":{"line":18,"column":4},"end":{"line":18,"column":45}},"14":{"start":{"line":20,"column":2},"end":{"line":20,"column":14}},"15":{"start":{"line":23,"column":23},"end":{"line":28,"column":1}},"16":{"start":{"line":24,"column":2},"end":{"line":26,"column":3}},"17":{"start":{"line":25,"column":4},"end":{"line":25,"column":47}},"18":{"start":{"line":27,"column":2},"end":{"line":27,"column":14}},"19":{"start":{"line":30,"column":27},"end":{"line":35,"column":1}},"20":{"start":{"line":31,"column":2},"end":{"line":33,"column":3}},"21":{"start":{"line":32,"column":4},"end":{"line":32,"column":52}},"22":{"start":{"line":34,"column":2},"end":{"line":34,"column":14}},"23":{"start":{"line":37,"column":24},"end":{"line":42,"column":1}},"24":{"start":{"line":38,"column":2},"end":{"line":40,"column":3}},"25":{"start":{"line":39,"column":4},"end":{"line":39,"column":44}},"26":{"start":{"line":41,"column":2},"end":{"line":41,"column":14}},"27":{"start":{"line":44,"column":29},"end":{"line":61,"column":1}},"28":{"start":{"line":45,"column":22},"end":{"line":53,"column":3}},"29":{"start":{"line":46,"column":10},"end":{"line":46,"column":53}},"30":{"start":{"line":47,"column":10},"end":{"line":47,"column":47}},"31":{"start":{"line":48,"column":10},"end":{"line":48,"column":47}},"32":{"start":{"line":49,"column":10},"end":{"line":49,"column":37}},"33":{"start":{"line":50,"column":10},"end":{"line":50,"column":56}},"34":{"start":{"line":51,"column":10},"end":{"line":51,"column":50}},"35":{"start":{"line":52,"column":10},"end":{"line":52,"column":45}},"36":{"start":{"line":55,"column":17},"end":{"line":55,"column":19}},"37":{"start":{"line":56,"column":2},"end":{"line":59,"column":3}},"38":{"start":{"line":57,"column":18},"end":{"line":57,"column":28}},"39":{"start":{"line":58,"column":4},"end":{"line":58,"column":34}},"40":{"start":{"line":58,"column":15},"end":{"line":58,"column":34}},"41":{"start":{"line":60,"column":2},"end":{"line":60,"column":16}},"42":{"start":{"line":63,"column":0},"end":{"line":77,"column":3}},"43":{"start":{"line":64,"column":33},"end":{"line":64,"column":41}},"44":{"start":{"line":66,"column":2},"end":{"line":68,"column":3}},"45":{"start":{"line":67,"column":4},"end":{"line":67,"column":93}},"46":{"start":{"line":70,"column":15},"end":{"line":70,"column":47}},"47":{"start":{"line":71,"column":2},"end":{"line":73,"column":3}},"48":{"start":{"line":72,"column":4},"end":{"line":72,"column":82}},"49":{"start":{"line":75,"column":16},"end":{"line":75,"column":35}},"50":{"start":{"line":76,"column":2},"end":{"line":76,"column":102}},"51":{"start":{"line":79,"column":0},"end":{"line":94,"column":3}},"52":{"start":{"line":80,"column":2},"end":{"line":93,"column":3}},"53":{"start":{"line":81,"column":19},"end":{"line":81,"column":49}},"54":{"start":{"line":83,"column":4},"end":{"line":85,"column":5}},"55":{"start":{"line":84,"column":6},"end":{"line":84,"column":80}},"56":{"start":{"line":87,"column":83},"end":{"line":87,"column":91}},"57":{"start":{"line":88,"column":19},"end":{"line":88,"column":105}},"58":{"start":{"line":89,"column":4},"end":{"line":89,"column":43}},"59":{"start":{"line":91,"column":4},"end":{"line":91,"column":62}},"60":{"start":{"line":92,"column":4},"end":{"line":92,"column":77}},"61":{"start":{"line":97,"column":0},"end":{"line":97,"column":21}},"62":{"start":{"line":100,"column":0},"end":{"line":102,"column":1}},"63":{"start":{"line":101,"column":2},"end":{"line":101,"column":89}},"64":{"start":{"line":101,"column":25},"end":{"line":101,"column":87}}},"fnMap":{"0":{"name":"(anonymous_0)","decl":{"start":{"line":8,"column":13},"end":{"line":8,"column":14}},"loc":{"start":{"line":8,"column":27},"end":{"line":11,"column":1}},"line":8},"1":{"name":"(anonymous_1)","decl":{"start":{"line":13,"column":23},"end":{"line":13,"column":24}},"loc":{"start":{"line":13,"column":45},"end":{"line":21,"column":1}},"line":13},"2":{"name":"(anonymous_2)","decl":{"start":{"line":23,"column":23},"end":{"line":23,"column":24}},"loc":{"start":{"line":23,"column":35},"end":{"line":28,"column":1}},"line":23},"3":{"name":"(anonymous_3)","decl":{"start":{"line":30,"column":27},"end":{"line":30,"column":28}},"loc":{"start":{"line":30,"column":43},"end":{"line":35,"column":1}},"line":30},"4":{"name":"(anonymous_4)","decl":{"start":{"line":37,"column":24},"end":{"line":37,"column":25}},"loc":{"start":{"line":37,"column":46},"end":{"line":42,"column":1}},"line":37},"5":{"name":"(anonymous_5)","decl":{"start":{"line":44,"column":29},"end":{"line":44,"column":30}},"loc":{"start":{"line":44,"column":39},"end":{"line":61,"column":1}},"line":44},"6":{"name":"(anonymous_6)","decl":{"start":{"line":46,"column":4},"end":{"line":46,"column":5}},"loc":{"start":{"line":46,"column":10},"end":{"line":46,"column":53}},"line":46},"7":{"name":"(anonymous_7)","decl":{"start":{"line":47,"column":4},"end":{"line":47,"column":5}},"loc":{"start":{"line":47,"column":10},"end":{"line":47,"column":47}},"line":47},"8":{"name":"(anonymous_8)","decl":{"start":{"line":48,"column":4},"end":{"line":48,"column":5}},"loc":{"start":{"line":48,"column":10},"end":{"line":48,"column":47}},"line":48},"9":{"name":"(anonymous_9)","decl":{"start":{"line":49,"column":4},"end":{"line":49,"column":5}},"loc":{"start":{"line":49,"column":10},"end":{"line":49,"column":37}},"line":49},"10":{"name":"(anonymous_10)","decl":{"start":{"line":50,"column":4},"end":{"line":50,"column":5}},"loc":{"start":{"line":50,"column":10},"end":{"line":50,"column":56}},"line":50},"11":{"name":"(anonymous_11)","decl":{"start":{"line":51,"column":4},"end":{"line":51,"column":5}},"loc":{"start":{"line":51,"column":10},"end":{"line":51,"column":50}},"line":51},"12":{"name":"(anonymous_12)","decl":{"start":{"line":52,"column":4},"end":{"line":52,"column":5}},"loc":{"start":{"line":52,"column":10},"end":{"line":52,"column":45}},"line":52},"13":{"name":"(anonymous_13)","decl":{"start":{"line":63,"column":23},"end":{"line":63,"column":24}},"loc":{"start":{"line":63,"column":37},"end":{"line":77,"column":1}},"line":63},"14":{"name":"(anonymous_14)","decl":{"start":{"line":79,"column":43},"end":{"line":79,"column":44}},"loc":{"start":{"line":79,"column":57},"end":{"line":94,"column":1}},"line":79},"15":{"name":"(anonymous_15)","decl":{"start":{"line":101,"column":19},"end":{"line":101,"column":20}},"loc":{"start":{"line":101,"column":25},"end":{"line":101,"column":87}},"line":101}},"branchMap":{"0":{"loc":{"start":{"line":14,"column":2},"end":{"line":16,"column":3}},"type":"if","locations":[{"start":{"line":14,"column":2},"end":{"line":16,"column":3}},{"start":{},"end":{}}],"line":14},"1":{"loc":{"start":{"line":14,"column":6},"end":{"line":14,"column":45}},"type":"binary-expr","locations":[{"start":{"line":14,"column":6},"end":{"line":14,"column":31}},{"start":{"line":14,"column":35},"end":{"line":14,"column":45}}],"line":14},"2":{"loc":{"start":{"line":17,"column":2},"end":{"line":19,"column":3}},"type":"if","locations":[{"start":{"line":17,"column":2},"end":{"line":19,"column":3}},{"start":{},"end":{}}],"line":17},"3":{"loc":{"start":{"line":24,"column":2},"end":{"line":26,"column":3}},"type":"if","locations":[{"start":{"line":24,"column":2},"end":{"line":26,"column":3}},{"start":{},"end":{}}],"line":24},"4":{"loc":{"start":{"line":24,"column":6},"end":{"line":24,"column":72}},"type":"binary-expr","locations":[{"start":{"line":24,"column":6},"end":{"line":24,"column":32}},{"start":{"line":24,"column":36},"end":{"line":24,"column":72}}],"line":24},"5":{"loc":{"start":{"line":31,"column":2},"end":{"line":33,"column":3}},"type":"if","locations":[{"start":{"line":31,"column":2},"end":{"line":33,"column":3}},{"start":{},"end":{}}],"line":31},"6":{"loc":{"start":{"line":31,"column":6},"end":{"line":31,"column":81}},"type":"binary-expr","locations":[{"start":{"line":31,"column":6},"end":{"line":31,"column":36}},{"start":{"line":31,"column":40},"end":{"line":31,"column":81}}],"line":31},"7":{"loc":{"start":{"line":38,"column":2},"end":{"line":40,"column":3}},"type":"if","locations":[{"start":{"line":38,"column":2},"end":{"line":40,"column":3}},{"start":{},"end":{}}],"line":38},"8":{"loc":{"start":{"line":58,"column":4},"end":{"line":58,"column":34}},"type":"if","locations":[{"start":{"line":58,"column":4},"end":{"line":58,"column":34}},{"start":{},"end":{}}],"line":58},"9":{"loc":{"start":{"line":66,"column":2},"end":{"line":68,"column":3}},"type":"if","locations":[{"start":{"line":66,"column":2},"end":{"line":68,"column":3}},{"start":{},"end":{}}],"line":66},"10":{"loc":{"start":{"line":66,"column":6},"end":{"line":66,"column":28}},"type":"binary-expr","locations":[{"start":{"line":66,"column":6},"end":{"line":66,"column":15}},{"start":{"line":66,"column":19},"end":{"line":66,"column":28}}],"line":66},"11":{"loc":{"start":{"line":71,"column":2},"end":{"line":73,"column":3}},"type":"if","locations":[{"start":{"line":71,"column":2},"end":{"line":73,"column":3}},{"start":{},"end":{}}],"line":71},"12":{"loc":{"start":{"line":83,"column":4},"end":{"line":85,"column":5}},"type":"if","locations":[{"start":{"line":83,"column":4},"end":{"line":85,"column":5}},{"start":{},"end":{}}],"line":83},"13":{"loc":{"start":{"line":100,"column":0},"end":{"line":102,"column":1}},"type":"if","locations":[{"start":{"line":100,"column":0},"end":{"line":102,"column":1}},{"start":{},"end":{}}],"line":100}},"s":{"0":1,"1":1,"2":1,"3":1,"4":1,"5":1,"6":1,"7":0,"8":0,"9":1,"10":9,"11":1,"12":8,"13":0,"14":8,"15":1,"16":3,"17":0,"18":3,"19":1,"20":3,"21":0,"22":3,"23":1,"24":6,"25":0,"26":6,"27":1,"28":3,"29":3,"30":3,"31":3,"32":3,"33":3,"34":3,"35":3,"36":3,"37":3,"38":21,"39":21,"40":1,"41":3,"42":1,"43":4,"44":4,"45":1,"46":3,"47":3,"48":1,"49":2,"50":2,"51":1,"52":3,"53":3,"54":3,"55":1,"56":2,"57":2,"58":2,"59":0,"60":0,"61":1,"62":1,"63":0,"64":0},"f":{"0":0,"1":9,"2":3,"3":3,"4":6,"5":3,"6":3,"7":3,"8":3,"9":3,"10":3,"11":3,"12":3,"13":4,"14":3,"15":0},"b":{"0":[1,8],"1":[9,9],"2":[0,8],"3":[0,3],"4":[3,3],"5":[0,3],"6":[3,3],"7":[0,6],"8":[1,20],"9":[1,3],"10":[4,3],"11":[1,2],"12":[1,2],"13":[0,1]},"_coverageSchema":"1a1c01bbd47fc00a2c39e90264f33305004495a9","hash":"7689525848f10dc848bc82db6b33a369d7304401"}
,"D:\\ENI\\M2 ENI\\Qualimetrie\\Projet\\smarthotel.js": {"path":"D:\\ENI\\M2 ENI\\Qualimetrie\\Projet\\smarthotel.js","statementMap":{"0":{"start":{"line":1,"column":23},"end":{"line":19,"column":1}},"1":{"start":{"line":2,"column":81},"end":{"line":2,"column":88}},"2":{"start":{"line":4,"column":27},"end":{"line":4,"column":61}},"3":{"start":{"line":5,"column":28},"end":{"line":5,"column":65}},"4":{"start":{"line":6,"column":27},"end":{"line":6,"column":50}},"5":{"start":{"line":7,"column":23},"end":{"line":7,"column":44}},"6":{"start":{"line":8,"column":24},"end":{"line":8,"column":69}},"7":{"start":{"line":9,"column":30},"end":{"line":9,"column":58}},"8":{"start":{"line":10,"column":20},"end":{"line":10,"column":48}},"9":{"start":{"line":11,"column":23},"end":{"line":11,"column":52}},"10":{"start":{"line":12,"column":24},"end":{"line":12,"column":55}},"11":{"start":{"line":13,"column":21},"end":{"line":13,"column":65}},"12":{"start":{"line":15,"column":2},"end":{"line":18,"column":4}},"13":{"start":{"line":21,"column":0},"end":{"line":21,"column":36}}},"fnMap":{"0":{"name":"(anonymous_0)","decl":{"start":{"line":1,"column":23},"end":{"line":1,"column":24}},"loc":{"start":{"line":1,"column":36},"end":{"line":19,"column":1}},"line":1}},"branchMap":{},"s":{"0":2,"1":9,"2":9,"3":9,"4":9,"5":9,"6":9,"7":9,"8":9,"9":9,"10":9,"11":9,"12":9,"13":2},"f":{"0":9},"b":{},"_coverageSchema":"1a1c01bbd47fc00a2c39e90264f33305004495a9","hash":"2f212983e3e7df83533a1d429fbd76cd2c918e6a"}
}
