{"D:\\ENI\\M2 ENI\\Qualimetrie\\Projet\\smarthotel.js": {"path":"D:\\ENI\\M2 ENI\\Qualimetrie\\Projet\\smarthotel.js","statementMap":{"0":{"start":{"line":1,"column":23},"end":{"line":19,"column":1}},"1":{"start":{"line":2,"column":81},"end":{"line":2,"column":88}},"2":{"start":{"line":4,"column":27},"end":{"line":4,"column":61}},"3":{"start":{"line":5,"column":28},"end":{"line":5,"column":65}},"4":{"start":{"line":6,"column":27},"end":{"line":6,"column":50}},"5":{"start":{"line":7,"column":23},"end":{"line":7,"column":44}},"6":{"start":{"line":8,"column":24},"end":{"line":8,"column":69}},"7":{"start":{"line":9,"column":30},"end":{"line":9,"column":58}},"8":{"start":{"line":10,"column":20},"end":{"line":10,"column":48}},"9":{"start":{"line":11,"column":23},"end":{"line":11,"column":52}},"10":{"start":{"line":12,"column":24},"end":{"line":12,"column":55}},"11":{"start":{"line":13,"column":21},"end":{"line":13,"column":65}},"12":{"start":{"line":15,"column":2},"end":{"line":18,"column":4}},"13":{"start":{"line":21,"column":0},"end":{"line":21,"column":36}}},"fnMap":{"0":{"name":"(anonymous_0)","decl":{"start":{"line":1,"column":23},"end":{"line":1,"column":24}},"loc":{"start":{"line":1,"column":36},"end":{"line":19,"column":1}},"line":1}},"branchMap":{},"s":{"0":1,"1":7,"2":7,"3":7,"4":7,"5":7,"6":7,"7":7,"8":7,"9":7,"10":7,"11":7,"12":7,"13":1},"f":{"0":7},"b":{},"_coverageSchema":"1a1c01bbd47fc00a2c39e90264f33305004495a9","hash":"2f212983e3e7df83533a1d429fbd76cd2c918e6a"}
}
