TN:
SF:index.js
FN:7,(anonymous_0)
FN:12,(anonymous_1)
FN:22,(anonymous_2)
FN:29,(anonymous_3)
FN:36,(anonymous_4)
FN:43,(anonymous_5)
FN:45,(anonymous_6)
FN:46,(anonymous_7)
FN:47,(anonymous_8)
FN:48,(anonymous_9)
FN:49,(anonymous_10)
FN:50,(anonymous_11)
FN:51,(anonymous_12)
FN:62,(anonymous_13)
FN:84,(anonymous_14)
FNF:15
FNH:13
FNDA:0,(anonymous_0)
FNDA:21,(anonymous_1)
FNDA:7,(anonymous_2)
FNDA:7,(anonymous_3)
FNDA:14,(anonymous_4)
FNDA:7,(anonymous_5)
FNDA:7,(anonymous_6)
FNDA:7,(anonymous_7)
FNDA:7,(anonymous_8)
FNDA:7,(anonymous_9)
FNDA:7,(anonymous_10)
FNDA:7,(anonymous_11)
FNDA:7,(anonymous_12)
FNDA:7,(anonymous_13)
FNDA:0,(anonymous_14)
DA:1,1
DA:2,1
DA:3,1
DA:4,1
DA:5,1
DA:7,1
DA:8,0
DA:9,0
DA:12,1
DA:13,21
DA:14,3
DA:16,18
DA:17,1
DA:19,17
DA:22,1
DA:23,7
DA:24,2
DA:26,5
DA:29,1
DA:30,7
DA:31,2
DA:33,5
DA:36,1
DA:37,14
DA:38,2
DA:40,12
DA:43,1
DA:44,7
DA:45,7
DA:46,7
DA:47,7
DA:48,7
DA:49,7
DA:50,7
DA:51,7
DA:54,7
DA:55,7
DA:56,49
DA:57,49
DA:59,7
DA:62,1
DA:63,7
DA:64,7
DA:66,7
DA:67,5
DA:70,2
DA:71,2
DA:72,2
DA:74,0
DA:75,0
DA:80,1
DA:83,1
DA:84,0
LF:53
LH:48
BRDA:13,0,0,3
BRDA:13,0,1,18
BRDA:13,1,0,21
BRDA:13,1,1,19
BRDA:16,2,0,1
BRDA:16,2,1,17
BRDA:23,3,0,2
BRDA:23,3,1,5
BRDA:23,4,0,7
BRDA:23,4,1,6
BRDA:30,5,0,2
BRDA:30,5,1,5
BRDA:30,6,0,7
BRDA:30,6,1,6
BRDA:37,7,0,2
BRDA:37,7,1,12
BRDA:57,8,0,10
BRDA:57,8,1,39
BRDA:66,9,0,5
BRDA:66,9,1,2
BRDA:83,10,0,0
BRDA:83,10,1,1
BRF:22
BRH:21
end_of_record
TN:
SF:smarthotel.js
FN:1,(anonymous_0)
FNF:1
FNH:1
FNDA:9,(anonymous_0)
DA:1,2
DA:2,9
DA:4,9
DA:5,9
DA:6,9
DA:7,9
DA:8,9
DA:9,9
DA:10,9
DA:11,9
DA:12,9
DA:13,9
DA:15,9
DA:21,2
LF:14
LH:14
BRF:0
BRH:0
end_of_record
