TN:
SF:index.js
FN:8,(anonymous_0)
FN:13,(anonymous_1)
FN:55,(anonymous_2)
FNF:3
FNH:1
FNDA:0,(anonymous_0)
FNDA:7,(anonymous_1)
FNDA:0,(anonymous_2)
DA:1,1
DA:2,1
DA:3,1
DA:4,1
DA:5,1
DA:6,1
DA:8,1
DA:9,0
DA:10,0
DA:13,1
DA:14,7
DA:15,7
DA:18,7
DA:19,1
DA:21,6
DA:22,2
DA:24,4
DA:25,0
DA:28,4
DA:29,1
DA:32,3
DA:33,0
DA:36,3
DA:37,0
DA:39,3
DA:40,1
DA:42,2
DA:43,2
DA:45,0
DA:46,0
DA:51,1
DA:54,1
DA:55,0
LF:33
LH:25
BRDA:18,0,0,1
BRDA:18,0,1,6
BRDA:18,1,0,7
BRDA:18,1,1,7
BRDA:21,2,0,2
BRDA:21,2,1,4
BRDA:21,3,0,6
BRDA:21,3,1,5
BRDA:21,3,2,5
BRDA:24,4,0,0
BRDA:24,4,1,4
BRDA:24,5,0,4
BRDA:24,5,1,4
BRDA:24,5,2,4
BRDA:28,6,0,1
BRDA:28,6,1,3
BRDA:28,7,0,4
BRDA:28,7,1,4
BRDA:32,8,0,0
BRDA:32,8,1,3
BRDA:36,9,0,0
BRDA:36,9,1,3
BRDA:39,10,0,1
BRDA:39,10,1,2
BRDA:39,11,0,3
BRDA:39,11,1,3
BRDA:54,12,0,0
BRDA:54,12,1,1
BRF:28
BRH:24
end_of_record
TN:
SF:smarthotel.js
FN:2,(anonymous_0)
FNF:1
FNH:1
FNDA:9,(anonymous_0)
DA:2,2
DA:3,9
DA:4,9
DA:5,9
DA:6,9
DA:7,9
DA:8,9
DA:9,9
DA:10,9
DA:11,9
DA:12,9
DA:13,9
DA:19,2
LF:13
LH:13
BRDA:3,0,0,3
BRDA:3,0,1,6
BRDA:4,1,0,3
BRDA:4,1,1,6
BRDA:5,2,0,2
BRDA:5,2,1,7
BRDA:6,3,0,3
BRDA:6,3,1,6
BRDA:7,4,0,2
BRDA:7,4,1,7
BRF:10
BRH:10
end_of_record
